<?xml version="1.0" encoding="UTF-8"?>
<testsuite xmlns:xsi="http://www.w3.org/2001/XMLSchema-instance" xsi:noNamespaceSchemaLocation="https://maven.apache.org/surefire/maven-surefire-plugin/xsd/surefire-test-report.xsd" version="3.0.1" name="com.mycompany.app.ProgramTest" time="0.155" tests="16" errors="0" skipped="0" failures="0">
  <properties>
[...]
</properties>
  <testcase name="testPlayerInitialization" classname="com.mycompany.app.ProgramTest" time="0.018"/>
  <testcase name="testCheckStatePlayingAndDraw" classname="com.mycompany.app.ProgramTest" time="0.001"/>
  <testcase name="testCheckStateXWinColumns" classname="com.mycompany.app.ProgramTest" time="0.001"/>
  <testcase name="testEvaluatePosition" classname="com.mycompany.app.ProgramTest" time="0.001"/>
  <testcase name="testCheckStateXWinDiagonals" classname="com.mycompany.app.ProgramTest" time="0.001"/>
  <testcase name="testGenerateMoves" classname="com.mycompany.app.ProgramTest" time="0.001"/>
  <testcase name="testTicTacToeCell" classname="com.mycompany.app.ProgramTest" time="0.082"/>
  <testcase name="testMaxMove" classname="com.mycompany.app.ProgramTest" time="0.001"/>
  <testcase name="testUtilityPrintMethods" classname="com.mycompany.app.ProgramTest" time="0.009">
    <system-out><![CDATA[
X-O- - - - - - - -

1-2-3-4-5-6-7-8-9-

0-4-8-
]]></system-out>
  </testcase>
  <testcase name="testCompleteGame" classname="com.mycompany.app.ProgramTest" time="0.001"/>
  <testcase name="testMinMove" classname="com.mycompany.app.ProgramTest" time="0.001"/>
  <testcase name="testMinMaxBestMove" classname="com.mycompany.app.ProgramTest" time="0.002">
    <system-out><![CDATA[
minimax:   2(100) 
minimax:   6(100) 
minimax:   7(-100) 
minimax:   8(-100) 
minimax:   9(-100) 
minimax best:   2(100) Steps counted: 69]]></system-out>
  </testcase>
  <testcase name="testGameConstructor" classname="com.mycompany.app.ProgramTest" time="0.001"/>
  <testcase name="testTicTacToePanelInitialization" classname="com.mycompany.app.ProgramTest" time="0.004"/>
  <testcase name="testCheckStateXWinRows" classname="com.mycompany.app.ProgramTest" time="0.0"/>
  <testcase name="testCheckStateOWinConditions" classname="com.mycompany.app.ProgramTest" time="0.0"/>
</testsuite>